trunk/proguard-project.txt
# To enable ProGuard in your project, edit project.properties
# to define the proguard.config property as described in that file.
#
# Add project specific ProGuard rules here.
# By default, the flags in this file are appended to flags specified
# in ${sdk.dir}/tools/proguard/proguard-android.txt
# You can edit the include path and order by changing the ProGuard
# include property in project.properties.
#
# For more details, see
#   http://developer.android.com/guide/developing/tools/proguard.html

# Add any project specific keep options here:

# If your project uses WebView with JS, uncomment the following
# and specify the fully qualified class name to the JavaScript interface
# class:
#-keepclassmembers class fqcn.of.javascript.interface.for.webview {
#   public *;
#}
#-keep public class com.serveme.**

# This is a configuration file for ProGuard.
# http://proguard.sourceforge.net/index.html#manual/usage.html

-dontusemixedcaseclassnames
-dontskipnonpubliclibraryclasses
-verbose

# Optimization is turned off by default. Dex does not like code run
# through the ProGuard optimize and preverify steps (and performs some
# of these optimizations on its own).
-dontoptimize
-dontpreverify

# If you want to enable optimization, you should include the
# following:
# -optimizations !code/simplification/arithmetic,!code/simplification/cast,!field/*,!class/merging/*
# -optimizationpasses 5
# -allowaccessmodification
#
# Note that you cannot just include these flags in your own
# configuration file; if you are including this file, optimization
# will be turned off. You'll need to either edit this file, or
# duplicate the contents of this file and remove the include of this
# file from your project's proguard.config path property.

-keepattributes *Annotation*
-keep public class * extends android.app.Activity
-keep public class * extends android.app.Application
-keep public class * extends android.app.Service
-keep public class * extends android.content.BroadcastReceiver
-keep public class * extends android.content.ContentProvider
-keep public class * extends android.app.backup.BackupAgent
-keep public class * extends android.preference.Preference
-keep public class * extends android.support.v4.app.Fragment
-keep public class * extends android.app.Fragment
-keep public class com.android.vending.licensing.ILicensingService

# For native methods, see http://proguard.sourceforge.net/manual/examples.html#native
-keepclasseswithmembernames class * {
native <methods>;
}

-keep public class * extends android.view.View {
public <init>(android.content.Context);
public <init>(android.content.Context, android.util.AttributeSet);
public <init>(android.content.Context, android.util.AttributeSet, int);
public void set*(...);
}

-keepclasseswithmembers class * {
public <init>(android.content.Context, android.util.AttributeSet);
}

-keepclasseswithmembers class * {
public <init>(android.content.Context, android.util.AttributeSet, int);
}

-keepclassmembers class * extends android.app.Activity {
public void *(android.view.View);
}

# For enumeration classes, see http://proguard.sourceforge.net/manual/examples.html#enumerations
-keepclassmembers enum * {
public static **[] values();
public static ** valueOf(java.lang.String);
}

-keep class * implements android.os.Parcelable {
public static final android.os.Parcelable$Creator *;
}

-keepclassmembers class **.R$* {
public static <fields>;
}

# The support library contains references to newer platform versions.
# Don't warn about those in case this app is linking against an older
# platform version. We know about them, and they are safe.
-dontwarn android.support.**

# Needed by google-http-client to keep generic types and @Key annotations accessed via reflection
-keepclassmembers class * {
@com.google.api.client.util.Key <fields>;
}

# Needed just to be safe in terms of keeping Google API service model classes
-keep class com.google.api.services.*.model.*
-keep class com.google.api.client.**
-keepattributes Signature,RuntimeVisibleAnnotations,AnnotationDefault

# See https://groups.google.com/forum/#!topic/guava-discuss/YCZzeCiIVoI
-dontwarn com.google.common.collect.MinMaxPriorityQueue

# Assume dependency libraries Just Work(TM)
-dontwarn com.google.android.analytics.**
-dontwarn com.google.common.**

-keepattributes *Annotation*

# Make sure that Google Analytics doesn't get removed
-keep class com.google.analytics.tracking.android.CampaignTrackingReceiver

-dontwarn android.webkit.**
-keep class com.google.ads.** {*;}
-keep class com.google.ads.internal.** {*;}
-keep class com.google.ads.mediation.** {*;}
-keep class com.google.ads.mediation.adfonic.** {*;}
-keep class com.google.ads.mediation.admob.** {*;}
-keep class com.google.ads.mediation.adfonic.util.** {*;}
-keep class com.google.ads.searchads.** {*;}
-keep class com.google.ads.util.** {*;}

-keep class com.adfonic.android.** {*;}
-keep class com.adfonic.android.api.** {*;}
-keep class com.adfonic.android.ormma.** {*;}
-keep class com.adfonic.android.utils.** {*;}
-keep class com.adfonic.android.view.** {*;}
-keep class com.google.ads.internal.** {*;}
-keep class com.mobfox.** {*;}
-keep class com.mobfox.adapter.** {*;}
-keep class com.mobfox.sdk.** {*;}
-keep class com.mobfox.sdk.data.** {*;}
-keep class com.mobfox.video.** {*;}