trunk/proguard/seeds.txt
com.serveme.savemyphone.R$anim: int abc_fade_in
com.serveme.savemyphone.R$anim: int abc_fade_out
com.serveme.savemyphone.R$anim: int abc_slide_in_bottom
com.serveme.savemyphone.R$anim: int abc_slide_in_top
com.serveme.savemyphone.R$anim: int abc_slide_out_bottom
com.serveme.savemyphone.R$anim: int abc_slide_out_top
com.serveme.savemyphone.R$attr: int actionBarDivider
com.serveme.savemyphone.R$attr: int actionBarItemBackground
com.serveme.savemyphone.R$attr: int actionBarSize
com.serveme.savemyphone.R$attr: int actionBarSplitStyle
com.serveme.savemyphone.R$attr: int actionBarStyle
com.serveme.savemyphone.R$attr: int actionBarTabBarStyle
com.serveme.savemyphone.R$attr: int actionBarTabStyle
com.serveme.savemyphone.R$attr: int actionBarTabTextStyle
com.serveme.savemyphone.R$attr: int actionBarWidgetTheme
com.serveme.savemyphone.R$attr: int actionButtonStyle
com.serveme.savemyphone.R$attr: int actionDropDownStyle
com.serveme.savemyphone.R$attr: int actionLayout
com.serveme.savemyphone.R$attr: int actionMenuTextAppearance
com.serveme.savemyphone.R$attr: int actionMenuTextColor
com.serveme.savemyphone.R$attr: int actionModeBackground
com.serveme.savemyphone.R$attr: int actionModeCloseButtonStyle
com.serveme.savemyphone.R$attr: int actionModeCloseDrawable
com.serveme.savemyphone.R$attr: int actionModeCopyDrawable
com.serveme.savemyphone.R$attr: int actionModeCutDrawable
com.serveme.savemyphone.R$attr: int actionModeFindDrawable
com.serveme.savemyphone.R$attr: int actionModePasteDrawable
com.serveme.savemyphone.R$attr: int actionModePopupWindowStyle
com.serveme.savemyphone.R$attr: int actionModeSelectAllDrawable
com.serveme.savemyphone.R$attr: int actionModeShareDrawable
com.serveme.savemyphone.R$attr: int actionModeSplitBackground
com.serveme.savemyphone.R$bool: int abc_action_bar_embed_tabs_pre_jb
com.serveme.savemyphone.R$bool: int abc_action_bar_expanded_action_views_exclusive
com.serveme.savemyphone.R$bool: int abc_config_actionMenuItemAllCaps
com.serveme.savemyphone.R$bool: int abc_config_allowActionMenuItemTextWithIcon
com.serveme.savemyphone.R$bool: int abc_config_showMenuShortcutsWhenKeyboardPresent
com.serveme.savemyphone.R$bool: int abc_split_action_bar_is_narrow
com.serveme.savemyphone.R$bool: int alp_is_large_screen
com.serveme.savemyphone.R$bool: int alp_pkey_display_stealth_mode_default
com.serveme.savemyphone.R$bool: int alp_pkey_sys_auto_save_pattern_default
com.serveme.savemyphone.R$bool: int ga_autoActivityTracking
com.serveme.savemyphone.R$bool: int ga_reportUncaughtExceptions
...
javax.activation.MimetypesFileTypeMap
javax.activation.MimetypesFileTypeMap: com.sun.activation.registries.MimeTypeFile defDB
javax.activation.MimetypesFileTypeMap: com.sun.activation.registries.MimeTypeFile[] DB
javax.activation.MimetypesFileTypeMap: int PROG
javax.activation.MimetypesFileTypeMap: java.lang.String defaultType
javax.activation.MimetypesFileTypeMap: void <clinit>()
javax.activation.MimetypesFileTypeMap: MimetypesFileTypeMap()
javax.activation.MimetypesFileTypeMap: com.sun.activation.registries.MimeTypeFile loadResource(java.lang.String)
javax.activation.MimetypesFileTypeMap: void loadAllResources(java.util.Vector,java.lang.String)
javax.activation.MimetypesFileTypeMap: com.sun.activation.registries.MimeTypeFile loadFile(java.lang.String)
javax.activation.MimetypesFileTypeMap: MimetypesFileTypeMap(java.lang.String)
javax.activation.MimetypesFileTypeMap: MimetypesFileTypeMap(java.io.InputStream)
javax.activation.MimetypesFileTypeMap: void addMimeTypes(java.lang.String)
javax.activation.MimetypesFileTypeMap: java.lang.String getContentType(java.io.File)
javax.activation.MimetypesFileTypeMap: java.lang.String getContentType(java.lang.String)
javax.activation.ObjectDataContentHandler
javax.activation.ObjectDataContentHandler: myjava.awt.datatransfer.DataFlavor[] transferFlavors
javax.activation.ObjectDataContentHandler: java.lang.Object obj
javax.activation.ObjectDataContentHandler: java.lang.String mimeType
javax.activation.ObjectDataContentHandler: javax.activation.DataContentHandler dch
javax.activation.ObjectDataContentHandler: ObjectDataContentHandler(javax.activation.DataContentHandler,java.lang.Object,java.lang.String)
javax.activation.ObjectDataContentHandler: javax.activation.DataContentHandler getDCH()
javax.activation.ObjectDataContentHandler: myjava.awt.datatransfer.DataFlavor[] getTransferDataFlavors()
javax.activation.ObjectDataContentHandler: java.lang.Object getTransferData(myjava.awt.datatransfer.DataFlavor,javax.activation.DataSource)
javax.activation.ObjectDataContentHandler: java.lang.Object getContent(javax.activation.DataSource)
javax.activation.ObjectDataContentHandler: void writeTo(java.lang.Object,java.lang.String,java.io.OutputStream)
javax.activation.SecuritySupport
javax.activation.SecuritySupport: SecuritySupport()
javax.activation.SecuritySupport: java.lang.ClassLoader getContextClassLoader()
javax.activation.SecuritySupport: java.io.InputStream getResourceAsStream(java.lang.Class,java.lang.String)
javax.activation.SecuritySupport: java.net.URL[] getResources(java.lang.ClassLoader,java.lang.String)
javax.activation.SecuritySupport: java.net.URL[] getSystemResources(java.lang.String)
javax.activation.SecuritySupport: java.io.InputStream openStream(java.net.URL)
javax.activation.SecuritySupport$1
javax.activation.SecuritySupport$1: SecuritySupport$1()
javax.activation.SecuritySupport$1: java.lang.Object run()
javax.activation.SecuritySupport$2
javax.activation.SecuritySupport$2: java.lang.Class val$c
javax.activation.SecuritySupport$2: java.lang.String val$name
javax.activation.SecuritySupport$2: SecuritySupport$2(java.lang.Class,java.lang.String)
javax.activation.SecuritySupport$2: java.lang.Object run()
javax.activation.SecuritySupport$3
javax.activation.SecuritySupport$3: java.lang.ClassLoader val$cl
javax.activation.SecuritySupport$3: java.lang.String val$name
javax.activation.SecuritySupport$3: SecuritySupport$3(java.lang.ClassLoader,java.lang.String)
javax.activation.SecuritySupport$3: java.lang.Object run()
javax.activation.SecuritySupport$4
javax.activation.SecuritySupport$4: java.lang.String val$name
javax.activation.SecuritySupport$4: SecuritySupport$4(java.lang.String)
javax.activation.SecuritySupport$4: java.lang.Object run()