trunk/proguard/mapping.txt
com.serveme.savemyphone.control.AppsListAdapter -> com.serveme.savemyphone.control.a:
    android.content.Context context -> a
    java.util.List appsList -> b
    java.util.Set whitelist -> c
    boolean[] status -> d
    android.view.LayoutInflater inflater -> e
    com.serveme.savemyphone.model.DBOperations db -> f
    82:82:int getCount() -> getCount
    87:87:java.lang.Object getItem(int) -> getItem
    93:93:long getItemId(int) -> getItemId
    99:157:android.view.View getView(int,android.view.View,android.view.ViewGroup) -> getView
    168:170:void updateList(java.util.List) -> a
    42:42:void access$0(boolean[]) -> a
    44:44:void access$1(com.serveme.savemyphone.control.AppsListAdapter,com.serveme.savemyphone.model.DBOperations) -> a
    44:44:com.serveme.savemyphone.model.DBOperations access$2(com.serveme.savemyphone.control.AppsListAdapter) -> a
    41:41:void access$3(com.serveme.savemyphone.control.AppsListAdapter,java.util.Set) -> a
    42:42:boolean[] access$4() -> a
    41:41:java.util.Set access$5(com.serveme.savemyphone.control.AppsListAdapter) -> b
    38:38:android.content.Context access$6(com.serveme.savemyphone.control.AppsListAdapter) -> c
com.serveme.savemyphone.control.AppsListAdapter$1 -> com.serveme.savemyphone.control.b:
    com.serveme.savemyphone.control.AppsListAdapter this$0 -> a
    android.content.Context val$context -> b
    52:70:java.util.List doInBackground(java.lang.String[]) -> a
    75:76:void onPostExecute(java.util.List) -> a
    1:1:void onPostExecute(java.lang.Object) -> onPostExecute
    1:1:java.lang.Object doInBackground(java.lang.Object[]) -> doInBackground
com.serveme.savemyphone.control.AppsListAdapter$2 -> com.serveme.savemyphone.control.c:
    com.serveme.savemyphone.control.AppsListAdapter this$0 -> a
    int val$position -> b
    com.serveme.savemyphone.model.Launcher val$launcher -> c
    128:140:void onCheckedChanged(android.widget.CompoundButton,boolean) -> onCheckedChanged
com.serveme.savemyphone.control.AppsListAdapter$ImageLoader -> com.serveme.savemyphone.control.d:
    android.content.Context con -> b
    java.lang.ref.WeakReference wrimageView -> c
    com.serveme.savemyphone.control.AppsListAdapter this$0 -> a
    182:193:android.graphics.drawable.Drawable doInBackground(android.content.pm.ResolveInfo[]) -> a
    197:200:void onPostExecute(android.graphics.drawable.Drawable) -> a
    1:1:void onPostExecute(java.lang.Object) -> onPostExecute
    1:1:java.lang.Object doInBackground(java.lang.Object[]) -> doInBackground
com.serveme.savemyphone.control.AppsListAdapter$ViewHolder -> com.serveme.savemyphone.control.e:
    android.widget.TextView name -> a
    android.widget.ImageView icon -> b
    android.widget.ToggleButton tg -> c
    com.serveme.savemyphone.control.AppsListAdapter$ImageLoader imgLoader -> d
com.serveme.savemyphone.control.GridAdapter -> com.serveme.savemyphone.control.f:
    android.content.Context context -> b
    java.util.List aList -> a
    38:38:int getCount() -> getCount
    43:43:java.lang.Object getItem(int) -> getItem
    48:48:long getItemId(int) -> getItemId
    54:104:android.view.View getView(int,android.view.View,android.view.ViewGroup) -> getView
com.serveme.savemyphone.control.NotificationObserver -> com.serveme.savemyphone.control.NotificationObserver:
    14:24:void onNotificationPosted(android.service.notification.StatusBarNotification) -> onNotificationPosted
    31:31:void onNotificationRemoved(android.service.notification.StatusBarNotification) -> onNotificationRemoved
...
com.google.android.gms.internal.f$i -> com.google.android.gms.internal.ii:
    com.google.android.gms.internal.f jX -> a
    void b(byte[],byte[]) -> a
com.google.android.gms.internal.f$j -> com.google.android.gms.internal.ij:
    com.google.android.gms.internal.f jX -> a
    void b(byte[],byte[]) -> a
com.google.android.gms.internal.f$k -> com.google.android.gms.internal.ik:
    com.google.android.gms.internal.f jX -> a
    void b(byte[],byte[]) -> a
com.google.android.gms.internal.f$l -> com.google.android.gms.internal.il:
    com.google.android.gms.internal.f jX -> a
    void b(byte[],byte[]) -> a
com.google.android.gms.internal.f$m -> com.google.android.gms.internal.in:
    com.google.android.gms.internal.f jX -> a
    void b(byte[],byte[]) -> a
com.google.android.gms.internal.fa -> com.google.android.gms.internal.ip:
    com.google.android.gms.internal.ey$a s(android.os.Parcel) -> a
    com.google.android.gms.internal.ey$a[] V(int) -> a
    void a(com.google.android.gms.internal.ey$a,android.os.Parcel,int) -> a
    java.lang.Object[] newArray(int) -> newArray
    java.lang.Object createFromParcel(android.os.Parcel) -> createFromParcel
com.google.android.gms.internal.fb -> com.google.android.gms.internal.fb:
    java.util.HashMap en() -> b
    java.lang.Object ak(java.lang.String) -> a
    boolean a(com.google.android.gms.internal.fb$a) -> a
    boolean al(java.lang.String) -> b
    boolean am(java.lang.String) -> c
    boolean an(java.lang.String) -> d
    java.lang.Object a(com.google.android.gms.internal.fb$a,java.lang.Object) -> a
    java.util.HashMap eo() -> c
    java.util.HashMap ep() -> d
    java.lang.String toString() -> toString
    java.lang.Object b(com.google.android.gms.internal.fb$a) -> b
    void a(java.lang.StringBuilder,com.google.android.gms.internal.fb$a,java.lang.Object) -> a
    void a(java.lang.StringBuilder,com.google.android.gms.internal.fb$a,java.util.ArrayList) -> a
com.google.android.gms.internal.fb$a -> com.google.android.gms.internal.fb$a:
    int wj -> i
    int Cu -> a
    boolean Cv -> b
    int Cw -> c
    boolean Cx -> d
    java.lang.String Cy -> e
    int Cz -> f
    java.lang.Class CA -> g
    java.lang.String CB -> h
    com.google.android.gms.internal.fe CC -> j
    com.google.android.gms.internal.fb$b CD -> k
    com.google.android.gms.internal.fc CREATOR -> CREATOR
    int getVersionCode() -> a
    int el() -> b
    boolean er() -> c
    int em() -> d
    boolean es() -> e
    java.lang.String et() -> f
    int eu() -> g
    java.lang.Class ev() -> h
    java.lang.String ew() -> i
    boolean ex() -> j
    void a(com.google.android.gms.internal.fe) -> a
    com.google.android.gms.internal.ew ey() -> k
    java.util.HashMap ez() -> l
    java.lang.Object g(java.lang.Object) -> a
    com.google.android.gms.internal.fb$a g(java.lang.String,int) -> a
    com.google.android.gms.internal.fb$a h(java.lang.String,int) -> b
    com.google.android.gms.internal.fb$a i(java.lang.String,int) -> c
    com.google.android.gms.internal.fb$a j(java.lang.String,int) -> d
    com.google.android.gms.internal.fb$a k(java.lang.String,int) -> e
    com.google.android.gms.internal.fb$a a(java.lang.String,int,java.lang.Class) -> a
    com.google.android.gms.internal.fb$a b(java.lang.String,int,java.lang.Class) -> b
com.google.android.gms.internal.fb$b -> com.google.android.gms.internal.iq:
    int el() -> c
    int em() -> d
    java.lang.Object g(java.lang.Object) -> a
com.google.android.gms.internal.fc -> com.google.android.gms.internal.is:
    com.google.android.gms.internal.fb$a t(android.os.Parcel) -> a
    com.google.android.gms.internal.fb$a[] W(int) -> a
    void a(com.google.android.gms.internal.fb$a,android.os.Parcel,int) -> a
    java.lang.Object[] newArray(int) -> newArray
    java.lang.Object createFromParcel(android.os.Parcel) -> createFromParcel