trunk/proguard/usage.txt
com.serveme.savemyphone.BuildConfig
com.serveme.savemyphone.R
com.serveme.savemyphone.R$anim
com.serveme.savemyphone.R$attr
com.serveme.savemyphone.R$bool
com.serveme.savemyphone.R$color
com.serveme.savemyphone.R$dimen
com.serveme.savemyphone.R$drawable
com.serveme.savemyphone.R$id
com.serveme.savemyphone.R$integer
com.serveme.savemyphone.R$layout
com.serveme.savemyphone.R$menu
com.serveme.savemyphone.R$plurals
com.serveme.savemyphone.R$raw
com.serveme.savemyphone.R$string
com.serveme.savemyphone.R$style
com.serveme.savemyphone.R$styleable
com.serveme.savemyphone.R$xml
com.serveme.savemyphone.control.StanderListAdapter$ImageLoader:
    37:37:public int getPosition()
com.serveme.savemyphone.mail.Mail
com.serveme.savemyphone.model.DBHandler:
    private static final int DATABASE_VERSION
    private static final java.lang.String DATABASE_NAME
com.serveme.savemyphone.model.DB_KEYS
com.serveme.savemyphone.preferences.PrefEditor:
    65:68:public void setTempPassword(java.lang.String)
    71:74:public void removeTempPassword()
    127:127:public java.lang.String getTempPassword()
com.serveme.savemyphone.service.AppsMonitor:
    private static final int UPDATE_INTERVAL
com.serveme.savemyphone.util.ConverterUtil
com.serveme.savemyphone.util.MyTracker:
    14:14:public MyTracker()
com.serveme.savemyphone.view.MainActivity:
    private static final int REQ_ENTER_PATTERN
com.serveme.savemyphone.view.RecoveryActivity:
    public static final int REQ_CREATE_PATTERN
com.serveme.savemyphone.view.SettingsActivity:
    private static final int REQ_CHANGE_PATTERN
    private static final int REQ_CHANGE_BACKGROUND
    private static final int REQ_CHANGE_LOCK_PATTERN
    private static final java.lang.String KEY_LOCK_METHOD
com.serveme.savemyphone.view.UserActivity:
    private static final int REQ_ENTER_PATTERN
    private static final java.lang.String MY_INTERSTITIAL_UNIT_ID
    private com.google.android.gms.ads.InterstitialAd interstitial
com.serveme.savemyphone.view.utils.ActivitiesController:
    private static final int REQ_ENTER_PATTERN
com.serveme.savemyphone.view.utils.AlertUtility:
    17:17:public AlertUtility()
com.serveme.savemyphone.view.utils.BackgroundUtility:
    17:17:public BackgroundUtility()
com.serveme.savemyphone.view.utils.ExceptionUtil:
    6:6:public ExceptionUtil()
com.serveme.savemyphone.view.wizard.PasswordRequest:
    public static final int REQ_CREATE_PATTERN
    public static final int REQ_CREATE_PASSWORD
...
com.google.android.gms.internal.gp$10
com.google.android.gms.internal.gp$2
com.google.android.gms.internal.gp$3
com.google.android.gms.internal.gp$4
com.google.android.gms.internal.gp$5
com.google.android.gms.internal.gp$6
com.google.android.gms.internal.gp$7
com.google.android.gms.internal.gp$8
com.google.android.gms.internal.gp$9
com.google.android.gms.internal.gp$a
com.google.android.gms.internal.gp$a$1
com.google.android.gms.internal.gp$b
com.google.android.gms.internal.gp$b$1
com.google.android.gms.internal.gp$c
com.google.android.gms.internal.gp$c$1
com.google.android.gms.internal.gp$d
com.google.android.gms.internal.gp$d$1
com.google.android.gms.internal.gp$e
com.google.android.gms.internal.gp$e$1
com.google.android.gms.internal.gp$f
com.google.android.gms.internal.gp$f$1
com.google.android.gms.internal.gq
com.google.android.gms.internal.gs
com.google.android.gms.internal.gt
com.google.android.gms.internal.gu
com.google.android.gms.internal.gv
com.google.android.gms.internal.gw
com.google.android.gms.internal.gy:
    public boolean isDataValid()
com.google.android.gms.internal.gz:
    public com.google.android.gms.games.Player getRecipient()
    public boolean isConsumed()
    public int getRecipientStatus()
    public boolean isDataValid()
com.google.android.gms.internal.hb
com.google.android.gms.internal.hb$1
com.google.android.gms.internal.hb$a
com.google.android.gms.internal.hc
com.google.android.gms.internal.hc$a
com.google.android.gms.internal.hd
com.google.android.gms.internal.hd$a
com.google.android.gms.internal.hd$a$a
com.google.android.gms.internal.he
com.google.android.gms.internal.he$a
com.google.android.gms.internal.he$a$a
com.google.android.gms.internal.hf
com.google.android.gms.internal.hf$a
com.google.android.gms.internal.hf$a$a
com.google.android.gms.internal.hg
com.google.android.gms.internal.hg$a
com.google.android.gms.internal.hg$a$a
com.google.android.gms.internal.hh
com.google.android.gms.internal.hh$a
com.google.android.gms.internal.hh$b
com.google.android.gms.internal.hi
com.google.android.gms.internal.hi$1
com.google.android.gms.internal.hi$a
com.google.android.gms.internal.hi$b
com.google.android.gms.internal.hi$c
com.google.android.gms.internal.hi$d
com.google.android.gms.internal.hj:
    public hj(java.lang.String,int,short,double,double,float,long,int,int)
    public static com.google.android.gms.internal.hj h(byte[])
com.google.android.gms.internal.hl
com.google.android.gms.internal.hv
com.google.android.gms.internal.hv$a
com.google.android.gms.internal.hv$a$a
com.google.android.gms.internal.ib
com.google.android.gms.internal.ic:
    private final com.google.android.gms.internal.hl Lk
    private final java.lang.Object mg
    private int OF
    public ic(com.google.android.gms.internal.hl,java.lang.String,int)
com.google.android.gms.internal.id:
    public id(android.content.Context,java.util.Locale)
com.google.android.gms.internal.if
com.google.android.gms.internal.if$a
com.google.android.gms.internal.if$a$a
com.google.android.gms.internal.ig
com.google.android.gms.internal.ig$a
com.google.android.gms.internal.ig$a$a
com.google.android.gms.internal.ih
com.google.android.gms.internal.ih$a
com.google.android.gms.internal.ih$b
com.google.android.gms.internal.ih$c
com.google.android.gms.internal.ii
com.google.android.gms.internal.ii$1
com.google.android.gms.internal.ii$a
com.google.android.gms.internal.ij
com.google.android.gms.internal.ik
com.google.android.gms.internal.ik$1
com.google.android.gms.internal.ik$2
com.google.android.gms.internal.ik$3
com.google.android.gms.internal.ik$4
com.google.android.gms.internal.ik$a
com.google.android.gms.internal.ik$a$1
com.google.android.gms.internal.ik$b
com.google.android.gms.internal.ik$c
com.google.android.gms.internal.il
com.google.android.gms.internal.il$1
com.google.android.gms.internal.il$2
com.google.android.gms.internal.il$3